<?xml version="1.0" encoding="UTF-8"?>
<!-- Generated by org.testng.reporters.JUnitReportReporter -->
<testsuite skipped="0" hostname="vignesh-LAP" name="testcases.TC003_CreateLead" tests="1" failures="0" timestamp="06 May 2018 07:04:51 GMT" time="144.709" errors="0">
  <testcase name="loginAndLogout" time="144.709" classname="testcases.TC003_CreateLead"/>
</testsuite> <!-- testcases.TC003_CreateLead -->
